[2025-11-10 14:42:19.359] ATTACKER: ======================================================================
[2025-11-10 14:42:19.361] ATTACKER: ATTACKER: Старт программы Prime+Probe side-channel атаки
[2025-11-10 14:42:19.369] ATTACKER: ======================================================================
[2025-11-10 14:42:19.375] ATTACKER: Ожидание запуска victim (5 секунд)...
[2025-11-10 14:42:24.422] ATTACKER: Инициализирован массив размером 1048576 байт
[2025-11-10 14:42:24.424] ATTACKER: Количество наборов для мониторинга: 256
[2025-11-10 14:42:24.432] ATTACKER: Шаг между наборами: 4096 байт
[2025-11-10 14:42:24.438] ATTACKER: Начало сбора измерений (600 раундов)
[2025-11-10 14:42:24.446] ATTACKER: [Раунд 0/600] Среднее время: 79 нс, Макс: 1070 нс, Подозрительных наборов: 5
[2025-11-10 14:42:27.025] ATTACKER: [Раунд 50/600] Среднее время: 79 нс, Макс: 710 нс, Подозрительных наборов: 3
[2025-11-10 14:42:29.604] ATTACKER: [Раунд 100/600] Среднее время: 79 нс, Макс: 810 нс, Подозрительных наборов: 4
[2025-11-10 14:42:32.182] ATTACKER: [Раунд 150/600] Среднее время: 78 нс, Макс: 720 нс, Подозрительных наборов: 4
[2025-11-10 14:42:34.758] ATTACKER: [Раунд 200/600] Среднее время: 77 нс, Макс: 590 нс, Подозрительных наборов: 4
[2025-11-10 14:42:37.336] ATTACKER: [Раунд 250/600] Среднее время: 62 нс, Макс: 540 нс, Подозрительных наборов: 4
[2025-11-10 14:42:39.915] ATTACKER: [Раунд 300/600] Среднее время: 95 нс, Макс: 8271 нс, Подозрительных наборов: 2
[2025-11-10 14:42:42.496] ATTACKER: [Раунд 350/600] Среднее время: 87 нс, Макс: 1100 нс, Подозрительных наборов: 5
[2025-11-10 14:42:45.076] ATTACKER: [Раунд 400/600] Среднее время: 74 нс, Макс: 590 нс, Подозрительных наборов: 5
[2025-11-10 14:42:47.653] ATTACKER: [Раунд 450/600] Среднее время: 62 нс, Макс: 820 нс, Подозрительных наборов: 2
[2025-11-10 14:42:50.232] ATTACKER: [Раунд 500/600] Среднее время: 77 нс, Макс: 580 нс, Подозрительных наборов: 8
[2025-11-10 14:42:52.810] ATTACKER: [Раунд 550/600] Среднее время: 63 нс, Макс: 900 нс, Подозрительных наборов: 2
[2025-11-10 14:42:55.386] ATTACKER: ======================================================================
[2025-11-10 14:42:55.387] ATTACKER: Сбор данных завершён. Выполнено раундов: 600
[2025-11-10 14:42:55.396] ATTACKER: Время работы: 30.94 сек
[2025-11-10 14:42:55.402] ATTACKER: ======================================================================
[2025-11-10 14:42:55.415] ATTACKER: Результаты измерений сохранены в /logs/attacker_measurements.csv
[2025-11-10 14:42:55.416] ATTACKER: Всего записано раундов: 600
[2025-11-10 14:42:55.425] ATTACKER: ИТОГОВАЯ СТАТИСТИКА:
[2025-11-10 14:42:55.431] ATTACKER:   Среднее время доступа: 77.86 нс
[2025-11-10 14:42:55.437] ATTACKER:   Стандартное отклонение: 32.48 нс
[2025-11-10 14:42:55.444] ATTACKER:   Минимум: 60.12 нс
[2025-11-10 14:42:55.450] ATTACKER:   Максимум: 656.43 нс
[2025-11-10 14:42:55.457] ATTACKER:   Раундов с повышенной активностью: 25 (4.2%)
[2025-11-10 14:42:55.463] ATTACKER: ======================================================================
[2025-11-10 14:42:55.471] ATTACKER: ATTACKER: Завершение работы
[2025-11-10 14:42:55.478] ATTACKER: ======================================================================
