[2025-11-10 14:42:19.051] VICTIM: ======================================================================
[2025-11-10 14:42:19.053] VICTIM: VICTIM: Старт программы-жертвы side-channel атаки
[2025-11-10 14:42:19.063] VICTIM: ======================================================================
[2025-11-10 14:42:19.123] VICTIM: Начало симуляции обработки секретных данных (60 секунд)
[2025-11-10 14:42:19.125] VICTIM: Запуск симуляции рабочей нагрузки на 60 секунд
[2025-11-10 14:42:19.133] VICTIM: Размер массива: 131072 байт
[2025-11-10 14:42:19.142] VICTIM: Шаг доступа (stride): 4096 байт
[2025-11-10 14:42:19.151] VICTIM: Начальное секретное значение: 42
[2025-11-10 14:42:19.159] VICTIM: [Итерация 0] Новое секретное значение: 55
[2025-11-10 14:42:19.166] VICTIM: [Итерация 0] Обработан секрет 55, доступ к индексу 94208, всего обращений: 1
[2025-11-10 14:42:19.680] VICTIM: [Итерация 50] Обработан секрет 55, доступ к индексу 94208, всего обращений: 51
[2025-11-10 14:42:20.188] VICTIM: [Итерация 100] Новое секретное значение: 68
[2025-11-10 14:42:20.190] VICTIM: [Итерация 100] Обработан секрет 68, доступ к индексу 16384, всего обращений: 101
[2025-11-10 14:42:20.706] VICTIM: [Итерация 150] Обработан секрет 68, доступ к индексу 16384, всего обращений: 151
[2025-11-10 14:42:21.215] VICTIM: [Итерация 200] Новое секретное значение: 81
[2025-11-10 14:42:21.217] VICTIM: [Итерация 200] Обработан секрет 81, доступ к индексу 69632, всего обращений: 201
[2025-11-10 14:42:21.735] VICTIM: [Итерация 250] Обработан секрет 81, доступ к индексу 69632, всего обращений: 251
[2025-11-10 14:42:22.244] VICTIM: [Итерация 300] Новое секретное значение: 94
[2025-11-10 14:42:22.246] VICTIM: [Итерация 300] Обработан секрет 94, доступ к индексу 122880, всего обращений: 301
[2025-11-10 14:42:22.764] VICTIM: [Итерация 350] Обработан секрет 94, доступ к индексу 122880, всего обращений: 351
[2025-11-10 14:42:23.273] VICTIM: [Итерация 400] Новое секретное значение: 107
[2025-11-10 14:42:23.275] VICTIM: [Итерация 400] Обработан секрет 107, доступ к индексу 45056, всего обращений: 401
[2025-11-10 14:42:23.790] VICTIM: [Итерация 450] Обработан секрет 107, доступ к индексу 45056, всего обращений: 451
[2025-11-10 14:42:24.298] VICTIM: [Итерация 500] Новое секретное значение: 120
[2025-11-10 14:42:24.299] VICTIM: [Итерация 500] Обработан секрет 120, доступ к индексу 98304, всего обращений: 501
[2025-11-10 14:42:24.815] VICTIM: [Итерация 550] Обработан секрет 120, доступ к индексу 98304, всего обращений: 551
[2025-11-10 14:42:25.322] VICTIM: [Итерация 600] Новое секретное значение: 133
[2025-11-10 14:42:25.324] VICTIM: [Итерация 600] Обработан секрет 133, доступ к индексу 20480, всего обращений: 601
[2025-11-10 14:42:25.838] VICTIM: [Итерация 650] Обработан секрет 133, доступ к индексу 20480, всего обращений: 651
[2025-11-10 14:42:26.346] VICTIM: [Итерация 700] Новое секретное значение: 146
[2025-11-10 14:42:26.347] VICTIM: [Итерация 700] Обработан секрет 146, доступ к индексу 73728, всего обращений: 701
[2025-11-10 14:42:26.862] VICTIM: [Итерация 750] Обработан секрет 146, доступ к индексу 73728, всего обращений: 751
[2025-11-10 14:42:27.370] VICTIM: [Итерация 800] Новое секретное значение: 159
[2025-11-10 14:42:27.372] VICTIM: [Итерация 800] Обработан секрет 159, доступ к индексу 126976, всего обращений: 801
[2025-11-10 14:42:27.892] VICTIM: [Итерация 850] Обработан секрет 159, доступ к индексу 126976, всего обращений: 851
[2025-11-10 14:42:28.399] VICTIM: [Итерация 900] Новое секретное значение: 172
[2025-11-10 14:42:28.401] VICTIM: [Итерация 900] Обработан секрет 172, доступ к индексу 49152, всего обращений: 901
[2025-11-10 14:42:28.917] VICTIM: [Итерация 950] Обработан секрет 172, доступ к индексу 49152, всего обращений: 951
[2025-11-10 14:42:29.426] VICTIM: [Итерация 1000] Новое секретное значение: 185
[2025-11-10 14:42:29.428] VICTIM: [Итерация 1000] Обработан секрет 185, доступ к индексу 102400, всего обращений: 1001
[2025-11-10 14:42:29.947] VICTIM: [Итерация 1050] Обработан секрет 185, доступ к индексу 102400, всего обращений: 1051
[2025-11-10 14:42:30.454] VICTIM: [Итерация 1100] Новое секретное значение: 198
[2025-11-10 14:42:30.456] VICTIM: [Итерация 1100] Обработан секрет 198, доступ к индексу 24576, всего обращений: 1101
[2025-11-10 14:42:30.972] VICTIM: [Итерация 1150] Обработан секрет 198, доступ к индексу 24576, всего обращений: 1151
[2025-11-10 14:42:31.480] VICTIM: [Итерация 1200] Новое секретное значение: 211
[2025-11-10 14:42:31.481] VICTIM: [Итерация 1200] Обработан секрет 211, доступ к индексу 77824, всего обращений: 1201
[2025-11-10 14:42:31.998] VICTIM: [Итерация 1250] Обработан секрет 211, доступ к индексу 77824, всего обращений: 1251
[2025-11-10 14:42:32.506] VICTIM: [Итерация 1300] Новое секретное значение: 224
[2025-11-10 14:42:32.507] VICTIM: [Итерация 1300] Обработан секрет 224, доступ к индексу 0, всего обращений: 1301
[2025-11-10 14:42:33.024] VICTIM: [Итерация 1350] Обработан секрет 224, доступ к индексу 0, всего обращений: 1351
[2025-11-10 14:42:33.531] VICTIM: [Итерация 1400] Новое секретное значение: 237
[2025-11-10 14:42:33.533] VICTIM: [Итерация 1400] Обработан секрет 237, доступ к индексу 53248, всего обращений: 1401
[2025-11-10 14:42:34.053] VICTIM: [Итерация 1450] Обработан секрет 237, доступ к индексу 53248, всего обращений: 1451
[2025-11-10 14:42:34.560] VICTIM: [Итерация 1500] Новое секретное значение: 250
[2025-11-10 14:42:34.562] VICTIM: [Итерация 1500] Обработан секрет 250, доступ к индексу 106496, всего обращений: 1501
[2025-11-10 14:42:35.078] VICTIM: [Итерация 1550] Обработан секрет 250, доступ к индексу 106496, всего обращений: 1551
[2025-11-10 14:42:35.586] VICTIM: [Итерация 1600] Новое секретное значение: 7
[2025-11-10 14:42:35.588] VICTIM: [Итерация 1600] Обработан секрет 7, доступ к индексу 28672, всего обращений: 1601
[2025-11-10 14:42:36.106] VICTIM: [Итерация 1650] Обработан секрет 7, доступ к индексу 28672, всего обращений: 1651
[2025-11-10 14:42:36.614] VICTIM: [Итерация 1700] Новое секретное значение: 20
[2025-11-10 14:42:36.616] VICTIM: [Итерация 1700] Обработан секрет 20, доступ к индексу 81920, всего обращений: 1701
[2025-11-10 14:42:37.133] VICTIM: [Итерация 1750] Обработан секрет 20, доступ к индексу 81920, всего обращений: 1751
[2025-11-10 14:42:37.641] VICTIM: [Итерация 1800] Новое секретное значение: 33
[2025-11-10 14:42:37.643] VICTIM: [Итерация 1800] Обработан секрет 33, доступ к индексу 4096, всего обращений: 1801
[2025-11-10 14:42:38.163] VICTIM: [Итерация 1850] Обработан секрет 33, доступ к индексу 4096, всего обращений: 1851
[2025-11-10 14:42:38.670] VICTIM: [Итерация 1900] Новое секретное значение: 46
[2025-11-10 14:42:38.672] VICTIM: [Итерация 1900] Обработан секрет 46, доступ к индексу 57344, всего обращений: 1901
[2025-11-10 14:42:39.191] VICTIM: [Итерация 1950] Обработан секрет 46, доступ к индексу 57344, всего обращений: 1951
[2025-11-10 14:42:39.726] VICTIM: [Итерация 2000] Новое секретное значение: 59
[2025-11-10 14:42:39.728] VICTIM: [Итерация 2000] Обработан секрет 59, доступ к индексу 110592, всего обращений: 2001
[2025-11-10 14:42:40.246] VICTIM: [Итерация 2050] Обработан секрет 59, доступ к индексу 110592, всего обращений: 2051
[2025-11-10 14:42:40.754] VICTIM: [Итерация 2100] Новое секретное значение: 72
[2025-11-10 14:42:40.756] VICTIM: [Итерация 2100] Обработан секрет 72, доступ к индексу 32768, всего обращений: 2101
[2025-11-10 14:42:41.273] VICTIM: [Итерация 2150] Обработан секрет 72, доступ к индексу 32768, всего обращений: 2151
[2025-11-10 14:42:41.780] VICTIM: [Итерация 2200] Новое секретное значение: 85
[2025-11-10 14:42:41.782] VICTIM: [Итерация 2200] Обработан секрет 85, доступ к индексу 86016, всего обращений: 2201
[2025-11-10 14:42:42.299] VICTIM: [Итерация 2250] Обработан секрет 85, доступ к индексу 86016, всего обращений: 2251
[2025-11-10 14:42:42.808] VICTIM: [Итерация 2300] Новое секретное значение: 98
[2025-11-10 14:42:42.810] VICTIM: [Итерация 2300] Обработан секрет 98, доступ к индексу 8192, всего обращений: 2301
[2025-11-10 14:42:43.327] VICTIM: [Итерация 2350] Обработан секрет 98, доступ к индексу 8192, всего обращений: 2351
[2025-11-10 14:42:43.835] VICTIM: [Итерация 2400] Новое секретное значение: 111
[2025-11-10 14:42:43.837] VICTIM: [Итерация 2400] Обработан секрет 111, доступ к индексу 61440, всего обращений: 2401
[2025-11-10 14:42:44.353] VICTIM: [Итерация 2450] Обработан секрет 111, доступ к индексу 61440, всего обращений: 2451
[2025-11-10 14:42:44.861] VICTIM: [Итерация 2500] Новое секретное значение: 124
[2025-11-10 14:42:44.863] VICTIM: [Итерация 2500] Обработан секрет 124, доступ к индексу 114688, всего обращений: 2501
[2025-11-10 14:42:45.384] VICTIM: [Итерация 2550] Обработан секрет 124, доступ к индексу 114688, всего обращений: 2551
[2025-11-10 14:42:45.891] VICTIM: [Итерация 2600] Новое секретное значение: 137
[2025-11-10 14:42:45.893] VICTIM: [Итерация 2600] Обработан секрет 137, доступ к индексу 36864, всего обращений: 2601
[2025-11-10 14:42:46.409] VICTIM: [Итерация 2650] Обработан секрет 137, доступ к индексу 36864, всего обращений: 2651
[2025-11-10 14:42:46.917] VICTIM: [Итерация 2700] Новое секретное значение: 150
[2025-11-10 14:42:46.918] VICTIM: [Итерация 2700] Обработан секрет 150, доступ к индексу 90112, всего обращений: 2701
[2025-11-10 14:42:47.437] VICTIM: [Итерация 2750] Обработан секрет 150, доступ к индексу 90112, всего обращений: 2751
[2025-11-10 14:42:47.944] VICTIM: [Итерация 2800] Новое секретное значение: 163
[2025-11-10 14:42:47.946] VICTIM: [Итерация 2800] Обработан секрет 163, доступ к индексу 12288, всего обращений: 2801
[2025-11-10 14:42:48.464] VICTIM: [Итерация 2850] Обработан секрет 163, доступ к индексу 12288, всего обращений: 2851
[2025-11-10 14:42:48.971] VICTIM: [Итерация 2900] Новое секретное значение: 176
[2025-11-10 14:42:48.974] VICTIM: [Итерация 2900] Обработан секрет 176, доступ к индексу 65536, всего обращений: 2901
[2025-11-10 14:42:49.496] VICTIM: [Итерация 2950] Обработан секрет 176, доступ к индексу 65536, всего обращений: 2951
[2025-11-10 14:42:50.004] VICTIM: [Итерация 3000] Новое секретное значение: 189
[2025-11-10 14:42:50.006] VICTIM: [Итерация 3000] Обработан секрет 189, доступ к индексу 118784, всего обращений: 3001
[2025-11-10 14:42:50.523] VICTIM: [Итерация 3050] Обработан секрет 189, доступ к индексу 118784, всего обращений: 3051
[2025-11-10 14:42:51.031] VICTIM: [Итерация 3100] Новое секретное значение: 202
[2025-11-10 14:42:51.033] VICTIM: [Итерация 3100] Обработан секрет 202, доступ к индексу 40960, всего обращений: 3101
[2025-11-10 14:42:51.551] VICTIM: [Итерация 3150] Обработан секрет 202, доступ к индексу 40960, всего обращений: 3151
[2025-11-10 14:42:52.058] VICTIM: [Итерация 3200] Новое секретное значение: 215
[2025-11-10 14:42:52.060] VICTIM: [Итерация 3200] Обработан секрет 215, доступ к индексу 94208, всего обращений: 3201
[2025-11-10 14:42:52.576] VICTIM: [Итерация 3250] Обработан секрет 215, доступ к индексу 94208, всего обращений: 3251
[2025-11-10 14:42:53.083] VICTIM: [Итерация 3300] Новое секретное значение: 228
[2025-11-10 14:42:53.085] VICTIM: [Итерация 3300] Обработан секрет 228, доступ к индексу 16384, всего обращений: 3301
[2025-11-10 14:42:53.600] VICTIM: [Итерация 3350] Обработан секрет 228, доступ к индексу 16384, всего обращений: 3351
[2025-11-10 14:42:54.108] VICTIM: [Итерация 3400] Новое секретное значение: 241
[2025-11-10 14:42:54.109] VICTIM: [Итерация 3400] Обработан секрет 241, доступ к индексу 69632, всего обращений: 3401
[2025-11-10 14:42:54.625] VICTIM: [Итерация 3450] Обработан секрет 241, доступ к индексу 69632, всего обращений: 3451
[2025-11-10 14:42:55.133] VICTIM: [Итерация 3500] Новое секретное значение: 254
[2025-11-10 14:42:55.134] VICTIM: [Итерация 3500] Обработан секрет 254, доступ к индексу 122880, всего обращений: 3501
[2025-11-10 14:42:55.651] VICTIM: [Итерация 3550] Обработан секрет 254, доступ к индексу 122880, всего обращений: 3551
[2025-11-10 14:42:56.159] VICTIM: [Итерация 3600] Новое секретное значение: 11
[2025-11-10 14:42:56.160] VICTIM: [Итерация 3600] Обработан секрет 11, доступ к индексу 45056, всего обращений: 3601
[2025-11-10 14:42:56.677] VICTIM: [Итерация 3650] Обработан секрет 11, доступ к индексу 45056, всего обращений: 3651
[2025-11-10 14:42:57.184] VICTIM: [Итерация 3700] Новое секретное значение: 24
[2025-11-10 14:42:57.186] VICTIM: [Итерация 3700] Обработан секрет 24, доступ к индексу 98304, всего обращений: 3701
[2025-11-10 14:42:57.702] VICTIM: [Итерация 3750] Обработан секрет 24, доступ к индексу 98304, всего обращений: 3751
[2025-11-10 14:42:58.210] VICTIM: [Итерация 3800] Новое секретное значение: 37
[2025-11-10 14:42:58.212] VICTIM: [Итерация 3800] Обработан секрет 37, доступ к индексу 20480, всего обращений: 3801
[2025-11-10 14:42:58.728] VICTIM: [Итерация 3850] Обработан секрет 37, доступ к индексу 20480, всего обращений: 3851
[2025-11-10 14:42:59.236] VICTIM: [Итерация 3900] Новое секретное значение: 50
[2025-11-10 14:42:59.249] VICTIM: [Итерация 3900] Обработан секрет 50, доступ к индексу 73728, всего обращений: 3901
[2025-11-10 14:42:59.778] VICTIM: [Итерация 3950] Обработан секрет 50, доступ к индексу 73728, всего обращений: 3951
[2025-11-10 14:43:00.286] VICTIM: [Итерация 4000] Новое секретное значение: 63
[2025-11-10 14:43:00.288] VICTIM: [Итерация 4000] Обработан секрет 63, доступ к индексу 126976, всего обращений: 4001
[2025-11-10 14:43:00.805] VICTIM: [Итерация 4050] Обработан секрет 63, доступ к индексу 126976, всего обращений: 4051
[2025-11-10 14:43:01.312] VICTIM: [Итерация 4100] Новое секретное значение: 76
[2025-11-10 14:43:01.314] VICTIM: [Итерация 4100] Обработан секрет 76, доступ к индексу 49152, всего обращений: 4101
[2025-11-10 14:43:01.830] VICTIM: [Итерация 4150] Обработан секрет 76, доступ к индексу 49152, всего обращений: 4151
[2025-11-10 14:43:02.338] VICTIM: [Итерация 4200] Новое секретное значение: 89
[2025-11-10 14:43:02.340] VICTIM: [Итерация 4200] Обработан секрет 89, доступ к индексу 102400, всего обращений: 4201
[2025-11-10 14:43:02.857] VICTIM: [Итерация 4250] Обработан секрет 89, доступ к индексу 102400, всего обращений: 4251
[2025-11-10 14:43:03.364] VICTIM: [Итерация 4300] Новое секретное значение: 102
[2025-11-10 14:43:03.366] VICTIM: [Итерация 4300] Обработан секрет 102, доступ к индексу 24576, всего обращений: 4301
[2025-11-10 14:43:03.882] VICTIM: [Итерация 4350] Обработан секрет 102, доступ к индексу 24576, всего обращений: 4351
[2025-11-10 14:43:04.390] VICTIM: [Итерация 4400] Новое секретное значение: 115
[2025-11-10 14:43:04.392] VICTIM: [Итерация 4400] Обработан секрет 115, доступ к индексу 77824, всего обращений: 4401
[2025-11-10 14:43:04.908] VICTIM: [Итерация 4450] Обработан секрет 115, доступ к индексу 77824, всего обращений: 4451
[2025-11-10 14:43:05.416] VICTIM: [Итерация 4500] Новое секретное значение: 128
[2025-11-10 14:43:05.418] VICTIM: [Итерация 4500] Обработан секрет 128, доступ к индексу 0, всего обращений: 4501
[2025-11-10 14:43:05.933] VICTIM: [Итерация 4550] Обработан секрет 128, доступ к индексу 0, всего обращений: 4551
[2025-11-10 14:43:06.441] VICTIM: [Итерация 4600] Новое секретное значение: 141
[2025-11-10 14:43:06.443] VICTIM: [Итерация 4600] Обработан секрет 141, доступ к индексу 53248, всего обращений: 4601
[2025-11-10 14:43:06.962] VICTIM: [Итерация 4650] Обработан секрет 141, доступ к индексу 53248, всего обращений: 4651
[2025-11-10 14:43:07.470] VICTIM: [Итерация 4700] Новое секретное значение: 154
[2025-11-10 14:43:07.472] VICTIM: [Итерация 4700] Обработан секрет 154, доступ к индексу 106496, всего обращений: 4701
[2025-11-10 14:43:07.989] VICTIM: [Итерация 4750] Обработан секрет 154, доступ к индексу 106496, всего обращений: 4751
[2025-11-10 14:43:08.496] VICTIM: [Итерация 4800] Новое секретное значение: 167
[2025-11-10 14:43:08.498] VICTIM: [Итерация 4800] Обработан секрет 167, доступ к индексу 28672, всего обращений: 4801
[2025-11-10 14:43:09.016] VICTIM: [Итерация 4850] Обработан секрет 167, доступ к индексу 28672, всего обращений: 4851
[2025-11-10 14:43:09.526] VICTIM: [Итерация 4900] Новое секретное значение: 180
[2025-11-10 14:43:09.527] VICTIM: [Итерация 4900] Обработан секрет 180, доступ к индексу 81920, всего обращений: 4901
[2025-11-10 14:43:10.044] VICTIM: [Итерация 4950] Обработан секрет 180, доступ к индексу 81920, всего обращений: 4951
[2025-11-10 14:43:10.552] VICTIM: [Итерация 5000] Новое секретное значение: 193
[2025-11-10 14:43:10.553] VICTIM: [Итерация 5000] Обработан секрет 193, доступ к индексу 4096, всего обращений: 5001
[2025-11-10 14:43:11.069] VICTIM: [Итерация 5050] Обработан секрет 193, доступ к индексу 4096, всего обращений: 5051
[2025-11-10 14:43:11.576] VICTIM: [Итерация 5100] Новое секретное значение: 206
[2025-11-10 14:43:11.578] VICTIM: [Итерация 5100] Обработан секрет 206, доступ к индексу 57344, всего обращений: 5101
[2025-11-10 14:43:12.095] VICTIM: [Итерация 5150] Обработан секрет 206, доступ к индексу 57344, всего обращений: 5151
[2025-11-10 14:43:12.604] VICTIM: [Итерация 5200] Новое секретное значение: 219
[2025-11-10 14:43:12.606] VICTIM: [Итерация 5200] Обработан секрет 219, доступ к индексу 110592, всего обращений: 5201
[2025-11-10 14:43:13.125] VICTIM: [Итерация 5250] Обработан секрет 219, доступ к индексу 110592, всего обращений: 5251
[2025-11-10 14:43:13.632] VICTIM: [Итерация 5300] Новое секретное значение: 232
[2025-11-10 14:43:13.634] VICTIM: [Итерация 5300] Обработан секрет 232, доступ к индексу 32768, всего обращений: 5301
[2025-11-10 14:43:14.150] VICTIM: [Итерация 5350] Обработан секрет 232, доступ к индексу 32768, всего обращений: 5351
[2025-11-10 14:43:14.657] VICTIM: [Итерация 5400] Новое секретное значение: 245
[2025-11-10 14:43:14.659] VICTIM: [Итерация 5400] Обработан секрет 245, доступ к индексу 86016, всего обращений: 5401
[2025-11-10 14:43:15.175] VICTIM: [Итерация 5450] Обработан секрет 245, доступ к индексу 86016, всего обращений: 5451
[2025-11-10 14:43:15.683] VICTIM: [Итерация 5500] Новое секретное значение: 2
[2025-11-10 14:43:15.684] VICTIM: [Итерация 5500] Обработан секрет 2, доступ к индексу 8192, всего обращений: 5501
[2025-11-10 14:43:16.201] VICTIM: [Итерация 5550] Обработан секрет 2, доступ к индексу 8192, всего обращений: 5551
[2025-11-10 14:43:16.707] VICTIM: [Итерация 5600] Новое секретное значение: 15
[2025-11-10 14:43:16.709] VICTIM: [Итерация 5600] Обработан секрет 15, доступ к индексу 61440, всего обращений: 5601
[2025-11-10 14:43:17.225] VICTIM: [Итерация 5650] Обработан секрет 15, доступ к индексу 61440, всего обращений: 5651
[2025-11-10 14:43:17.732] VICTIM: [Итерация 5700] Новое секретное значение: 28
[2025-11-10 14:43:17.734] VICTIM: [Итерация 5700] Обработан секрет 28, доступ к индексу 114688, всего обращений: 5701
[2025-11-10 14:43:18.250] VICTIM: [Итерация 5750] Обработан секрет 28, доступ к индексу 114688, всего обращений: 5751
[2025-11-10 14:43:18.760] VICTIM: [Итерация 5800] Новое секретное значение: 41
[2025-11-10 14:43:18.761] VICTIM: [Итерация 5800] Обработан секрет 41, доступ к индексу 36864, всего обращений: 5801
[2025-11-10 14:43:19.167] VICTIM: Симуляция завершена. Выполнено итераций: 5839, время работы: 60.01 сек, итераций/сек: 97.30
[2025-11-10 14:43:19.179] VICTIM: ======================================================================
[2025-11-10 14:43:19.197] VICTIM: VICTIM: Завершение работы. Всего выполнено итераций: 5839
[2025-11-10 14:43:19.216] VICTIM: ======================================================================
